<?xml version="1.0" encoding="UTF-8"?>
<!-- Generated by org.testng.reporters.JUnitReportReporter -->
<testsuite skipped="0" hostname="DESKTOP-30U0P6A" name="org.sdet.SDETTestProject.LMSTest2" tests="5" failures="0" timestamp="2020-10-15T15:26:33 IST" time="9.416" errors="0">
  <testcase name="navigateAndverifyNumberOfCourses" time="0.857" classname="org.sdet.SDETTestProject.LMSTest2"/>
  <system-out/>
  <testcase name="navigateToContactUsAndCompleteForm" time="3.362" classname="org.sdet.SDETTestProject.LMSTest2"/>
  <system-out/>
  <testcase name="navigateToCourseAndMarkComplete" time="0.952" classname="org.sdet.SDETTestProject.LMSTest2"/>
  <system-out/>
  <testcase name="verifyLoggedIn" time="3.427" classname="org.sdet.SDETTestProject.LMSTest2"/>
  <system-out/>
  <testcase name="navigateToMyAccountAndVerifyPage" time="0.818" classname="org.sdet.SDETTestProject.LMSTest2"/>
  <system-out/>
</testsuite> <!-- org.sdet.SDETTestProject.LMSTest2 -->
