<?xml version="1.0" encoding="UTF-8"?>
<!-- Generated by org.testng.reporters.JUnitReportReporter -->
<testsuite skipped="0" hostname="DESKTOP-30U0P6A" name="org.sdet.SDETTestProject.LMSTest1" tests="4" failures="0" timestamp="2020-10-15T15:26:33 IST" time="0.475" errors="0">
  <testcase name="verifyWebsiteTitle" time="0.029" classname="org.sdet.SDETTestProject.LMSTest1"/>
  <system-out/>
  <testcase name="verifyTitleSecondMostPopularCourse" time="0.230" classname="org.sdet.SDETTestProject.LMSTest1"/>
  <system-out/>
  <testcase name="verifyWebsiteHeading" time="0.099" classname="org.sdet.SDETTestProject.LMSTest1"/>
  <system-out/>
  <testcase name="verifyTitleFirstInfoBox" time="0.117" classname="org.sdet.SDETTestProject.LMSTest1"/>
  <system-out/>
</testsuite> <!-- org.sdet.SDETTestProject.LMSTest1 -->
